239
149.0518 298.0115 6968897.3939
205.9293 119.9292 6962878.9215
227.1589 186.0576 6748265.6348
280.9548 198.9463 6735321.6993
227.4172 139.0299 6682192.2120
187.9591 194.1395 6548966.1199
244.7898 206.9631 6535681.8776
245.1401 113.8332 6526431.4426
265.3713 132.4295 6505058.9079
187.3187 145.9150 6468295.1511
167.0606 271.1400 6358608.8620
299.8753 215.0766 6343099.8000
244.5879 251.9894 6324498.7421
264.3080 223.4976 6307704.4057
300.9169 171.1172 6260430.4115
226.9615 231.9567 6238151.1624
165.7479 175.8838 6221271.0834
188.1529 241.1273 6196984.5541
145.2931 153.1669 6169299.1177
280.4406 243.0795 6142382.6339
146.1422 202.7242 6092547.4062
282.8546 108.0183 6066319.5606
282.3048 154.0754 6041742.3397
264.9556 178.3643 6012231.4857
206.3786 168.1668 5957086.0600
189.3515 287.3608 5942989.8335
245.2064 160.9945 5868184.0973
299.6836 258.5649 5859737.4267
301.9284 126.1808 5800532.6138
165.0455 126.4694 5780559.9827
264.8681 267.7806 5763156.5007
206.8118 261.2048 5724897.0638
317.4068 147.4216 5649702.8473
228.1250 277.2718 5638690.8778
315.9121 191.2671 5606763.2073
166.1427 224.1068 5605332.0957
206.2883 215.2703 5466764.0931
318.3315 102.5841 5261394.8087
187.9824 396.1012 5227109.8422
147.0767 250.7849 5129174.4474
265.9905 110.7284 5109558.8363
264.0199 247.0501 4928664.4478
315.0851 234.7219 4908240.7810
187.2051 122.9098 4887811.1287
245.1802 135.9479 4836266.2110
206.1994 142.7763 4812386.5585
168.0543 292.9788 4762202.9916
166.0090 198.7811 4595042.0915
227.2697 116.5246 4468207.8898
165.2345 149.7767 4420062.7845
145.8498 179.5022 4401368.2540
145.0788 129.7413 4391329.4856
281.8065 175.0465 4324329.7514
281.0889 219.7672 4292241.0204
147.9172 275.9625 4258964.2187
244.8827 182.6681 4185097.2247
187.9705 219.1937 4102179.0606
227.3818 256.1472 4092427.6793
244.2419 227.9370 4089075.3984
282.4602 129.5048 4084693.7295
265.4465 157.0189 4064740.7952
302.3201 104.9843 3964436.2066
300.0549 194.7974 3954694.1756
316.8718 168.0607 3923451.0641
227.1705 210.7035 3902511.4573
281.0211 263.5901 3901231.5591
318.2421 123.6341 3890919.6116
227.6212 164.1436 3882821.1065
206.1719 190.3052 3872258.5212
177.8749 395.9329 3867603.5313
245.1893 272.9444 3844916.0273
207.2365 282.7049 3748992.0673
206.2852 236.8625 3746192.6249
187.8240 171.7326 3722924.3275
301.5928 150.3163 3585917.3654
264.8169 202.6812 3539033.8650
188.5800 265.9301 3506331.8130
146.6897 228.2442 3437031.6771
315.0561 254.6429 3407483.9797
299.5243 238.4289 3335323.7056
229.9166 430.9585 3321361.6464
363.0140 247.0922 3184460.7062
315.5569 211.7449 3172860.4837
466.2055 285.9848 3143508.0365
481.9233 314.6322 3098531.2752
485.7574 267.2198 3083052.1897
396.2421 259.0764 3043348.9572
346.9810 217.6331 3035006.1913
451.9805 30.9091 3032857.9067
420.6669 38.7569 3007380.2748
413.3444 240.8115 2983923.7650
379.0569 228.8843 2978736.1436
166.6891 246.1882 2960213.9508
445.0495 299.8764 2931301.4682
403.9555 17.4949 2897607.3852
430.6216 272.1264 2837607.3538
332.7580 235.3561 2748315.0925
376.6499 273.0136 2741372.6731
448.3833 253.7100 2723359.2722
398.8906 214.0078 2685175.4442
334.0260 192.2915 2673772.7486
442.9785 10.1546 2672596.0403
400.2044 167.9592 2641055.9892
381.0393 183.8428 2558803.9363
348.7884 173.6525 2529846.5047
470.2236 238.2444 2525697.4788
230.4219 417.0658 2493419.6741
415.4630 194.7339 2490674.8691
356.1110 64.7831 2489735.2361
193.9218 403.7895 2485679.8516
345.1327 260.5020 2408553.5610
451.5769 206.3949 2404068.9135
365.4736 202.8686 2386880.1652
433.6703 225.8599 2385982.2858
410.5375 285.9578 2356344.7661
366.3807 157.9907 2285312.7922
235.3332 381.6697 2261350.4365
336.2306 103.5627 2251952.2728
489.4975 218.6607 2237047.5200
472.9726 190.0154 2174109.8905
492.6951 169.0286 2150022.3876
554.0033 135.7597 2138896.8184
402.4226 36.6417 2129295.1845
431.9924 247.7796 2122031.1970
334.9039 148.5831 2112568.2770
382.2400 137.9344 2111307.5451
367.9088 112.0363 2085178.9902
435.8912 178.7392 2072737.7484
364.0878 223.8191 2035375.0266
349.7537 128.8305 2029936.3135
402.4090 120.6778 2009934.7405
476.9213 0.6571 2009145.6055
453.8404 158.0226 2003876.5016
187.7672 398.8827 1982366.3335
468.0325 260.9351 1964088.0258
438.1523 130.1259 1950061.8749
417.8013 147.6172 1940500.9729
191.7958 399.1231 1921213.5409
475.8020 140.2363 1918954.4419
412.0268 265.0139 1849459.6695
225.9333 421.9707 1842675.7024
185.9556 400.0744 1802155.6279
422.9027 68.8929 1793312.5433
401.0662 143.0292 1788448.2710
446.9275 278.3478 1771282.7787
396.9611 77.3054 1768336.6364
494.1933 145.1426 1751736.8945
503.7068 52.9282 1750544.5074
332.9586 212.6979 1740474.2372
460.5932 70.2224 1731014.4269
416.8156 352.8370 1722393.6954
464.3852 307.8148 1711354.2869
378.0091 252.5972 1676250.7697
380.7493 207.8528 1637472.8487
365.4053 64.5695 1629408.2038
428.9687 293.2409 1627425.4153
350.8008 0.9157 1623174.8737
361.9217 267.2107 1622786.0037
427.2439 38.6478 1612265.4042
474.1017 163.9177 1611369.7865
592.0574 43.9233 1583134.4945
398.8282 77.4905 1573370.4405
399.0786 189.7460 1570240.1933
394.7752 279.9129 1564283.6557
483.7900 292.4947 1553710.6121
460.2243 50.5467 1543821.8707
508.3953 74.6265 1525735.1851
335.2309 124.8404 1523890.4920
397.4831 235.1825 1516455.4273
415.9464 8.2045 1513193.1749
491.1572 195.3035 1503956.1676
366.1068 179.0379 1499356.4680
225.5704 446.7600 1494743.7614
230.2990 413.8008 1493615.5907
348.0342 197.0505 1489663.3436
230.5050 424.2808 1485306.8479
366.9012 133.7590 1482218.1316
346.2183 240.7286 1477704.3191
357.5803 53.5230 1474965.7984
511.2594 54.5853 1451940.3632
494.3580 42.0715 1445068.3905
448.2458 0.5756 1438470.1801
414.7408 219.2222 1434373.9216
381.4398 162.4898 1432953.8459
431.5506 58.3871 1421842.3619
471.8231 212.9003 1413573.7073
99.9520 341.9937 1407879.6664
331.6419 254.9929 1402992.1876
487.9015 244.3406 1390343.4641
494.8677 12.4187 1387315.0876
418.9562 124.9308 1378471.3611
418.6152 8.2892 1360324.0265
334.2536 169.0482 1357495.4280
383.7287 115.9370 1355156.0255
436.9123 153.0260 1351945.3749
416.6007 172.7126 1348432.1799
87.7590 339.3120 1343423.9487
548.1788 83.8676 1331714.5402
450.3354 231.4359 1318146.2178
455.1400 134.8716 1317461.8842
580.9673 147.9257 1311669.0714
434.7323 200.8890 1309809.7735
390.5230 15.1348 1302886.7834
452.7081 183.8493 1302091.5435
389.1836 25.4611 1299004.7833
443.5515 59.3702 1286676.6198
348.9640 152.8224 1272829.0683
382.5505 45.6035 1267412.8950
553.9288 2.0953 1265505.5600
452.6404 9.4401 1232725.4269
346.4112 72.0492 1218007.2275
220.4597 392.2672 1215051.3723
100.8638 340.1641 1209612.2573
350.2220 107.2982 1197003.1695
198.2061 392.8894 1193477.0401
222.9316 393.1558 1174364.2754
428.9320 26.1181 1170488.3028
226.1250 428.5641 1167018.8976
361.8830 324.8139 1164661.6179
377.5003 34.0175 1158248.3014
505.3245 3.5765 1148597.6432
392.2002 76.6557 1128621.2478
585.6539 158.2904 1125130.6127
406.3331 26.3273 1122903.5450
476.1072 21.3280 1121694.7897
407.7313 67.5692 1079851.0964
470.6185 28.8590 1075746.0121
442.8440 18.3184 1064648.3628
393.2468 43.6605 1060492.3765
491.4175 50.6127 1042215.5932
402.4205 6.7494 1039442.1147
378.1883 24.0503 1037403.2375
362.6921 323.3523 1035375.8450
493.5796 22.2431 1032471.4450
406.0569 34.2704 1028444.0947
362.8548 42.8635 1027017.2518
377.5529 4.2006 1022807.3541
506.8890 13.2351 1009305.0116
465.3034 81.6298 1008586.8209
